<?xml version="1.0" encoding="UTF-8"?>
<testng-results skipped="0" failed="1" total="1" passed="0">
  <reporter-output>
  </reporter-output>
  <suite name="Regression_Suite" duration-ms="63365" started-at="2017-02-12T16:21:30Z" finished-at="2017-02-12T16:22:33Z">
    <groups>
      <group name="cucumber">
        <method signature="AbstractTestNGCucumberTests.feature(cucumber.api.testng.CucumberFeatureWrapper)[pri:0, instance:com.kfm.amaysim_demo.scripts.my_amaysim.my_settings.TestMySettings@27226445]" name="feature" class="cucumber.api.testng.AbstractTestNGCucumberTests"/>
      </group> <!-- cucumber -->
    </groups>
    <test name="MySettings" duration-ms="63365" started-at="2017-02-12T16:21:30Z" finished-at="2017-02-12T16:22:33Z">
      <class name="com.kfm.amaysim_demo.scripts.my_amaysim.my_settings.TestMySettings">
        <test-method status="PASS" signature="setTestRequirements(java.lang.String, java.lang.String, java.lang.String, java.lang.String)[pri:0, instance:com.kfm.amaysim_demo.scripts.my_amaysim.my_settings.TestMySettings@27226445]" name="setTestRequirements" is-config="true" duration-ms="13" started-at="2017-02-13T00:20:58Z" finished-at="2017-02-13T00:20:58Z">
          <params>
            <param index="0">
              <value>
                <![CDATA[0468827174]]>
              </value>
            </param>
            <param index="1">
              <value>
                <![CDATA[theHoff34]]>
              </value>
            </param>
            <param index="2">
              <value>
                <![CDATA[https://www.amaysim.com.au/my-account/login]]>
              </value>
            </param>
            <param index="3">
              <value>
                <![CDATA[chrome]]>
              </value>
            </param>
          </params>
          <reporter-output>
          </reporter-output>
        </test-method> <!-- setTestRequirements -->
        <test-method status="PASS" signature="setup()[pri:0, instance:com.kfm.amaysim_demo.scripts.my_amaysim.my_settings.TestMySettings@27226445]" name="setup" is-config="true" duration-ms="31805" started-at="2017-02-13T00:20:58Z" depends-on-methods="com.kfm.amaysim_demo.base.BaseTest.setTestRequirements" finished-at="2017-02-13T00:21:30Z">
          <reporter-output>
          </reporter-output>
        </test-method> <!-- setup -->
        <test-method status="PASS" signature="setUpClass()[pri:0, instance:com.kfm.amaysim_demo.scripts.my_amaysim.my_settings.TestMySettings@27226445]" name="setUpClass" is-config="true" duration-ms="466" started-at="2017-02-13T00:21:30Z" finished-at="2017-02-13T00:21:30Z">
          <reporter-output>
          </reporter-output>
        </test-method> <!-- setUpClass -->
        <test-method status="FAIL" signature="feature(cucumber.api.testng.CucumberFeatureWrapper)[pri:0, instance:com.kfm.amaysim_demo.scripts.my_amaysim.my_settings.TestMySettings@27226445]" name="feature" duration-ms="62722" started-at="2017-02-13T00:21:30Z" description="Runs Cucumber Feature" data-provider="features" finished-at="2017-02-13T00:22:33Z">
          <params>
            <param index="0">
              <value>
                <![CDATA[MS008 - My Settings - Auto Recharge]]>
              </value>
            </param>
          </params>
          <exception class="cucumber.runtime.CucumberException">
            <message>
              <![CDATA[java.lang.AssertionError: Expected: [true] is not equal to Actual: [false]]]>
            </message>
            <full-stacktrace>
              <![CDATA[cucumber.runtime.CucumberException: java.lang.AssertionError: Expected: [true] is not equal to Actual: [false]
	at cucumber.api.testng.TestNGCucumberRunner.runCucumber(TestNGCucumberRunner.java:69)
	at cucumber.api.testng.AbstractTestNGCucumberTests.feature(AbstractTestNGCucumberTests.java:21)
	at sun.reflect.NativeMethodAccessorImpl.invoke0(Native Method)
	at sun.reflect.NativeMethodAccessorImpl.invoke(NativeMethodAccessorImpl.java:57)
	at sun.reflect.DelegatingMethodAccessorImpl.invoke(DelegatingMethodAccessorImpl.java:43)
	at java.lang.reflect.Method.invoke(Method.java:606)
	at org.testng.internal.MethodInvocationHelper.invokeMethod(MethodInvocationHelper.java:84)
	at org.testng.internal.Invoker.invokeMethod(Invoker.java:714)
	at org.testng.internal.Invoker.invokeTestMethod(Invoker.java:901)
	at org.testng.internal.Invoker.invokeTestMethods(Invoker.java:1231)
	at org.testng.internal.TestMethodWorker.invokeTestMethods(TestMethodWorker.java:127)
	at org.testng.internal.TestMethodWorker.run(TestMethodWorker.java:111)
	at org.testng.TestRunner.privateRun(TestRunner.java:767)
	at org.testng.TestRunner.run(TestRunner.java:617)
	at org.testng.SuiteRunner.runTest(SuiteRunner.java:348)
	at org.testng.SuiteRunner.runSequentially(SuiteRunner.java:343)
	at org.testng.SuiteRunner.privateRun(SuiteRunner.java:305)
	at org.testng.SuiteRunner.run(SuiteRunner.java:254)
	at org.testng.SuiteRunnerWorker.runSuite(SuiteRunnerWorker.java:52)
	at org.testng.SuiteRunnerWorker.run(SuiteRunnerWorker.java:86)
	at org.testng.TestNG.runSuitesSequentially(TestNG.java:1224)
	at org.testng.TestNG.runSuitesLocally(TestNG.java:1149)
	at org.testng.TestNG.run(TestNG.java:1057)
	at org.apache.maven.surefire.testng.TestNGExecutor.run(TestNGExecutor.java:295)
	at org.apache.maven.surefire.testng.TestNGXmlTestSuite.execute(TestNGXmlTestSuite.java:84)
	at org.apache.maven.surefire.testng.TestNGProvider.invoke(TestNGProvider.java:90)
	at org.apache.maven.surefire.booter.ForkedBooter.invokeProviderInSameClassLoader(ForkedBooter.java:203)
	at org.apache.maven.surefire.booter.ForkedBooter.runSuitesInProcess(ForkedBooter.java:155)
	at org.apache.maven.surefire.booter.ForkedBooter.main(ForkedBooter.java:103)
Caused by: java.lang.AssertionError: Expected: [true] is not equal to Actual: [false]
	at org.testng.Assert.fail(Assert.java:94)
	at com.kfm.amaysim_demo.exceptions.AutomationFrameworkException.<init>(AutomationFrameworkException.java:11)
	at com.kfm.amaysim_demo.utilities.PageUtility.assertEquals(PageUtility.java:155)
	at com.kfm.amaysim_demo.utilities.VerificationUtility.assertEquals(VerificationUtility.java:75)
	at com.kfm.amaysim_demo.base.BaseTest.assertEquals(BaseTest.java:148)
	at com.kfm.amaysim_demo.scripts.my_amaysim.my_settings.MS008_Auto_Recharge.theStateShouldBeWhateverItIsInIfDisabledItShouldBeOnNeIfNotThenOnYes(MS008_Auto_Recharge.java:62)
	at ?.Then the state should be whatever it is in. (if disabled, it should be on No, if not, then on Yes)(ms008_auto_recharge.feature:34)
]]>
            </full-stacktrace>
          </exception> <!-- cucumber.runtime.CucumberException -->
          <reporter-output>
          </reporter-output>
        </test-method> <!-- feature -->
        <test-method status="PASS" signature="tearDownClass()[pri:0, instance:com.kfm.amaysim_demo.scripts.my_amaysim.my_settings.TestMySettings@27226445]" name="tearDownClass" is-config="true" duration-ms="16" started-at="2017-02-13T00:22:33Z" finished-at="2017-02-13T00:22:33Z">
          <reporter-output>
          </reporter-output>
        </test-method> <!-- tearDownClass -->
        <test-method status="PASS" signature="tearDown()[pri:0, instance:com.kfm.amaysim_demo.scripts.my_amaysim.my_settings.TestMySettings@27226445]" name="tearDown" is-config="true" duration-ms="1214" started-at="2017-02-13T00:22:33Z" finished-at="2017-02-13T00:22:34Z">
          <reporter-output>
          </reporter-output>
        </test-method> <!-- tearDown -->
      </class> <!-- com.kfm.amaysim_demo.scripts.my_amaysim.my_settings.TestMySettings -->
    </test> <!-- MySettings -->
  </suite> <!-- Regression_Suite -->
</testng-results>
