<?xml version="1.0" encoding="UTF-8"?>
<testsuite name="MySettings"
           tests="1"
           failures="1"
           errors="0"
           skipped="0"
           time="62.722">
  <properties />
            <testcase name="feature" time="62.722" classname="com.kfm.amaysim_demo.scripts.my_amaysim.my_settings.TestMySettings">
                <failure type="cucumber.runtime.CucumberException"
                  message="java.lang.AssertionError: Expected: [true] is not equal to Actual: [false]"
              >
<![CDATA[cucumber.runtime.CucumberException: java.lang.AssertionError: Expected: [true] is not equal to Actual: [false]
  cucumber.api.testng.TestNGCucumberRunner.runCucumber(TestNGCucumberRunner.java:69)
  cucumber.api.testng.AbstractTestNGCucumberTests.feature(AbstractTestNGCucumberTests.java:21)
  sun.reflect.NativeMethodAccessorImpl.invoke0(Native Method)
  sun.reflect.NativeMethodAccessorImpl.invoke(NativeMethodAccessorImpl.java:57)
  sun.reflect.DelegatingMethodAccessorImpl.invoke(DelegatingMethodAccessorImpl.java:43)
  java.lang.reflect.Method.invoke(Method.java:606)
  org.testng.internal.MethodInvocationHelper.invokeMethod(MethodInvocationHelper.java:84)
  org.testng.internal.Invoker.invokeMethod(Invoker.java:714)
  org.testng.internal.Invoker.invokeTestMethod(Invoker.java:901)
  org.testng.internal.Invoker.invokeTestMethods(Invoker.java:1231)
  org.testng.internal.TestMethodWorker.invokeTestMethods(TestMethodWorker.java:127)
  org.testng.internal.TestMethodWorker.run(TestMethodWorker.java:111)
  org.testng.TestRunner.privateRun(TestRunner.java:767)
  org.testng.TestRunner.run(TestRunner.java:617)
  org.testng.SuiteRunner.runTest(SuiteRunner.java:348)
  org.testng.SuiteRunner.runSequentially(SuiteRunner.java:343)
  org.testng.SuiteRunner.privateRun(SuiteRunner.java:305)
  org.testng.SuiteRunner.run(SuiteRunner.java:254)
  org.testng.SuiteRunnerWorker.runSuite(SuiteRunnerWorker.java:52)
  org.testng.SuiteRunnerWorker.run(SuiteRunnerWorker.java:86)
  org.testng.TestNG.runSuitesSequentially(TestNG.java:1224)
  org.testng.TestNG.runSuitesLocally(TestNG.java:1149)
  org.testng.TestNG.run(TestNG.java:1057)
  org.apache.maven.surefire.testng.TestNGExecutor.run(TestNGExecutor.java:295)
  org.apache.maven.surefire.testng.TestNGXmlTestSuite.execute(TestNGXmlTestSuite.java:84)
  org.apache.maven.surefire.testng.TestNGProvider.invoke(TestNGProvider.java:90)
  org.apache.maven.surefire.booter.ForkedBooter.invokeProviderInSameClassLoader(ForkedBooter.java:203)
  org.apache.maven.surefire.booter.ForkedBooter.runSuitesInProcess(ForkedBooter.java:155)
  org.apache.maven.surefire.booter.ForkedBooter.main(ForkedBooter.java:103)
Caused by: java.lang.AssertionError: Expected: [true] is not equal to Actual: [false]
  org.testng.Assert.fail(Assert.java:94)
  com.kfm.amaysim_demo.exceptions.AutomationFrameworkException.<init>(AutomationFrameworkException.java:11)
  com.kfm.amaysim_demo.utilities.PageUtility.assertEquals(PageUtility.java:155)
  com.kfm.amaysim_demo.utilities.VerificationUtility.assertEquals(VerificationUtility.java:75)
  com.kfm.amaysim_demo.base.BaseTest.assertEquals(BaseTest.java:148)
  com.kfm.amaysim_demo.scripts.my_amaysim.my_settings.MS008_Auto_Recharge.theStateShouldBeWhateverItIsInIfDisabledItShouldBeOnNeIfNotThenOnYes(MS008_Auto_Recharge.java:62)
  ?.Then the state should be whatever it is in. (if disabled, it should be on No, if not, then on Yes)(ms008_auto_recharge.feature:34)
]]>
      </failure>

          </testcase>
  
  
  
</testsuite>
